<?xml version="1.0" encoding="UTF-8"?>
<!-- Generated by org.testng.reporters.JUnitXMLReporter -->
<testsuite hostname="Ashish-Laptop" name="Test- Chrome" tests="5" failures="1" timestamp="7 Dec 2017 17:57:24 GMT" time="14.05" errors="0">
  <testcase name="verifyTitle" time="0.024" classname="com.ext.testCases.BaseTestCase"/>
  <testcase name="verifyTitle" time="0.008" classname="com.ext.testCases.TC_Login"/>
  <testcase name="verifyTitle" time="0.008" classname="com.ext.testCases.TC_Register"/>
  <testcase name="TC_Login1" time="0.022" classname="com.ext.testCases.TC_Login"/>
  <testcase name="TC1_Register" time="0.008" classname="com.ext.testCases.TC_Register">
    <failure type="java.lang.NullPointerException">
      <![CDATA[java.lang.NullPointerException
	at com.ext.actions.Register_Action.excecute(Register_Action.java:22)
	at com.ext.testCases.TC_Register.TC1_Register(TC_Register.java:44)
	at java.util.concurrent.FutureTask.run(FutureTask.java:266)
	at java.util.concurrent.ThreadPoolExecutor.runWorker(ThreadPoolExecutor.java:1142)
	at java.util.concurrent.ThreadPoolExecutor$Worker.run(ThreadPoolExecutor.java:617)
	at java.lang.Thread.run(Thread.java:745)
... Removed 16 stack frames]]>
    </failure>
  </testcase> <!-- TC1_Register -->
</testsuite> <!-- Test- Chrome -->
