<?xml version="1.0" encoding="UTF-8"?>
<!-- Generated by org.testng.reporters.JUnitXMLReporter -->
<testsuite hostname="Ashish-Laptop" name="Test- Chrome" tests="5" failures="1" timestamp="17 Nov 2017 17:24:37 GMT" time="56.105" errors="0">
  <testcase name="verifyTitle" time="0.014" classname="com.ext.testCases.BaseTestCase"/>
  <testcase name="verifyTitle" time="0.0" classname="com.ext.testCases.TC_Login"/>
  <testcase name="verifyTitle" time="0.0" classname="com.ext.testCases.TC_Register"/>
  <testcase name="TC_Login1" time="14.885" classname="com.ext.testCases.TC_Login"/>
  <testcase name="TC1_Register" time="19.995" classname="com.ext.testCases.TC_Register">
    <failure type="java.lang.AssertionError" message="Not rediected to Web table page expected [true] but found [false]">
      <![CDATA[java.lang.AssertionError: Not rediected to Web table page expected [true] but found [false]
	at com.ext.testCases.TC_Register.TC1_Register(TC_Register.java:47)
	at java.util.concurrent.FutureTask.run(FutureTask.java:266)
	at java.util.concurrent.ThreadPoolExecutor.runWorker(ThreadPoolExecutor.java:1142)
	at java.util.concurrent.ThreadPoolExecutor$Worker.run(ThreadPoolExecutor.java:617)
	at java.lang.Thread.run(Thread.java:745)
... Removed 19 stack frames]]>
    </failure>
  </testcase> <!-- TC1_Register -->
</testsuite> <!-- Test- Chrome -->
