<?xml version="1.0" encoding="UTF-8"?>
<!-- Generated by org.testng.reporters.JUnitReportReporter -->
<testsuite hostname="Ashish-Laptop" name="com.ext.testCases.BaseTestCase" tests="1" failures="0" timestamp="7 Dec 2017 17:57:25 GMT" time="0.356" errors="0">
  <testcase name="verifyTitle" time="0.356" classname="com.ext.testCases.BaseTestCase"/>
</testsuite> <!-- com.ext.testCases.BaseTestCase -->
