<?xml version="1.0" encoding="UTF-8"?>
<!-- Generated by org.testng.reporters.JUnitReportReporter -->
<testsuite hostname="Ashish-Laptop" name="com.ext.testCases.TC_Login" tests="2" failures="0" timestamp="7 Dec 2017 17:57:25 GMT" time="0.214" errors="0">
  <testcase name="TC_Login1" time="0.146" classname="com.ext.testCases.TC_Login"/>
  <testcase name="verifyTitle" time="0.068" classname="com.ext.testCases.TC_Login"/>
</testsuite> <!-- com.ext.testCases.TC_Login -->
