<?xml version="1.0" encoding="UTF-8"?>
<!-- Generated by org.testng.reporters.JUnitReportReporter -->
<testsuite hostname="Ashish-Laptop" name="com.ext.testCases.BaseTestCase" tests="1" failures="0" timestamp="17 Nov 2017 17:24:38 GMT" time="0.379" errors="0">
  <testcase name="verifyTitle" time="0.379" classname="com.ext.testCases.BaseTestCase"/>
</testsuite> <!-- com.ext.testCases.BaseTestCase -->
