<?xml version="1.0" encoding="UTF-8"?>
<!-- Generated by org.testng.reporters.JUnitReportReporter -->
<testsuite hostname="Ashish-Laptop" name="com.ext.testCases.TC_Login" tests="2" failures="0" timestamp="17 Nov 2017 17:24:38 GMT" time="15.139" errors="0">
  <testcase name="TC_Login1" time="15.072" classname="com.ext.testCases.TC_Login"/>
  <testcase name="verifyTitle" time="0.067" classname="com.ext.testCases.TC_Login"/>
</testsuite> <!-- com.ext.testCases.TC_Login -->
